0 verbose cli [
0 verbose cli   'C:\\Program Files\\nodejs\\node.exe',
0 verbose cli   'C:\\Program Files\\nodejs\\node_modules\\npm\\bin\\npm-cli.js',
0 verbose cli   'exec',
0 verbose cli   '--',
0 verbose cli   'tailwindcss',
0 verbose cli   'init',
0 verbose cli   '-p'
0 verbose cli ]
1 info using npm@8.1.0
2 info using node@v16.13.0
3 timing npm:load:whichnode Completed in 0ms
4 timing config:load:defaults Completed in 2ms
5 timing config:load:file:C:\Program Files\nodejs\node_modules\npm\npmrc Completed in 3ms
6 timing config:load:builtin Completed in 3ms
7 timing config:load:cli Completed in 1ms
8 timing config:load:env Completed in 2ms
9 timing config:load:file:C:\Users\rober\OneDrive\Documents\proyectos-en-nodejs\minisuper\minisuper-pos\.npmrc Completed in 0ms
10 timing config:load:project Completed in 1ms
11 timing config:load:file:C:\Users\rober\.npmrc Completed in 0ms
12 timing config:load:user Completed in 0ms
13 timing config:load:file:C:\Users\rober\AppData\Roaming\npm\etc\npmrc Completed in 1ms
14 timing config:load:global Completed in 1ms
15 timing config:load:validate Completed in 0ms
16 timing config:load:credentials Completed in 1ms
17 timing config:load:setEnvs Completed in 1ms
18 timing config:load Completed in 12ms
19 timing npm:load:configload Completed in 12ms
20 timing npm:load:setTitle Completed in 0ms
21 timing npm:load:setupLog Completed in 0ms
22 timing config:load:flatten Completed in 3ms
23 timing npm:load:cleanupLog Completed in 3ms
24 timing npm:load:configScope Completed in 0ms
25 timing npm:load:projectScope Completed in 1ms
26 timing npm:load Completed in 21ms
27 timing command:exec Completed in 8ms
28 verbose stack Error: could not determine executable to run
28 verbose stack     at getBinFromManifest (C:\Program Files\nodejs\node_modules\npm\node_modules\libnpmexec\lib\get-bin-from-manifest.js:15:23)
28 verbose stack     at exec (C:\Program Files\nodejs\node_modules\npm\node_modules\libnpmexec\lib\index.js:113:15)
29 verbose pkgid tailwindcss@4.1.13
30 verbose cwd C:\Users\rober\OneDrive\Documents\proyectos-en-nodejs\minisuper\minisuper-pos
31 verbose Windows_NT 10.0.22000
32 verbose argv "C:\\Program Files\\nodejs\\node.exe" "C:\\Program Files\\nodejs\\node_modules\\npm\\bin\\npm-cli.js" "exec" "--" "tailwindcss" "init" "-p"
33 verbose node v16.13.0
34 verbose npm  v8.1.0
35 error could not determine executable to run
36 verbose exit 1
